[2019-10-18 17:42:38] local.ERROR: exception 'Symfony\Component\Debug\Exception\FatalErrorException' with message 'syntax error, unexpected '}'' in F:\xampp\htdocs\larapus\app\Http\Controllers\MyController.php:11
Stack trace:
#0 {main}  
[2019-10-18 17:42:53] local.ERROR: exception 'InvalidArgumentException' with message 'View [about] not found.' in F:\xampp\htdocs\larapus\vendor\laravel\framework\src\Illuminate\View\FileViewFinder.php:137
Stack trace:
#0 F:\xampp\htdocs\larapus\vendor\laravel\framework\src\Illuminate\View\FileViewFinder.php(79): Illuminate\View\FileViewFinder->findInPaths('about', Array)
#1 F:\xampp\htdocs\larapus\vendor\laravel\framework\src\Illuminate\View\Factory.php(174): Illuminate\View\FileViewFinder->find('about')
#2 F:\xampp\htdocs\larapus\vendor\laravel\framework\src\Illuminate\Foundation\helpers.php(858): Illuminate\View\Factory->make('about', Array, Array)
#3 F:\xampp\htdocs\larapus\app\Http\Controllers\MyController.php(10): view('about')
#4 [internal function]: App\Http\Controllers\MyController->showAbout()
#5 F:\xampp\htdocs\larapus\vendor\laravel\framework\src\Illuminate\Routing\Controller.php(55): call_user_func_array(Array, Array)
#6 F:\xampp\htdocs\larapus\vendor\laravel\framework\src\Illuminate\Routing\ControllerDispatcher.php(44): Illuminate\Routing\Controller->callAction('showAbout', Array)
#7 F:\xampp\htdocs\larapus\vendor\laravel\framework\src\Illuminate\Routing\Route.php(190): Illuminate\Routing\ControllerDispatcher->dispatch(Object(Illuminate\Routing\Route), Object(App\Http\Controllers\MyController), 'showAbout')
#8 F:\xampp\htdocs\larapus\vendor\laravel\framework\src\Illuminate\Routing\Route.php(144): Illuminate\Routing\Route->runController()
#9 F:\xampp\htdocs\larapus\vendor\laravel\framework\src\Illuminate\Routing\Router.php(653): Illuminate\Routing\Route->run(Object(Illuminate\Http\Request))
#10 F:\xampp\htdocs\larapus\vendor\laravel\framework\src\Illuminate\Routing\Pipeline.php(53): Illuminate\Routing\Router->Illuminate\Routing\{closure}(Object(Illuminate\Http\Request))
#11 F:\xampp\htdocs\larapus\vendor\laravel\framework\src\Illuminate\Routing\Middleware\SubstituteBindings.php(41): Illuminate\Routing\Pipeline->Illuminate\Routing\{closure}(Object(Illuminate\Http\Request))
#12 F:\xampp\htdocs\larapus\vendor\laravel\framework\src\Illuminate\Pipeline\Pipeline.php(137): Illuminate\Routing\Middleware\SubstituteBindings->handle(Object(Illuminate\Http\Request), Object(Closure))
#13 F:\xampp\htdocs\larapus\vendor\laravel\framework\src\Illuminate\Routing\Pipeline.php(33): Illuminate\Pipeline\Pipeline->Illuminate\Pipeline\{closure}(Object(Illuminate\Http\Request))
#14 F:\xampp\htdocs\larapus\vendor\laravel\framework\src\Illuminate\Foundation\Http\Middleware\VerifyCsrfToken.php(65): Illuminate\Routing\Pipeline->Illuminate\Routing\{closure}(Object(Illuminate\Http\Request))
#15 F:\xampp\htdocs\larapus\vendor\laravel\framework\src\Illuminate\Pipeline\Pipeline.php(137): Illuminate\Foundation\Http\Middleware\VerifyCsrfToken->handle(Object(Illuminate\Http\Request), Object(Closure))
#16 F:\xampp\htdocs\larapus\vendor\laravel\framework\src\Illuminate\Routing\Pipeline.php(33): Illuminate\Pipeline\Pipeline->Illuminate\Pipeline\{closure}(Object(Illuminate\Http\Request))
#17 F:\xampp\htdocs\larapus\vendor\laravel\framework\src\Illuminate\View\Middleware\ShareErrorsFromSession.php(49): Illuminate\Routing\Pipeline->Illuminate\Routing\{closure}(Object(Illuminate\Http\Request))
#18 F:\xampp\htdocs\larapus\vendor\laravel\framework\src\Illuminate\Pipeline\Pipeline.php(137): Illuminate\View\Middleware\ShareErrorsFromSession->handle(Object(Illuminate\Http\Request), Object(Closure))
#19 F:\xampp\htdocs\larapus\vendor\laravel\framework\src\Illuminate\Routing\Pipeline.php(33): Illuminate\Pipeline\Pipeline->Illuminate\Pipeline\{closure}(Object(Illuminate\Http\Request))
#20 F:\xampp\htdocs\larapus\vendor\laravel\framework\src\Illuminate\Session\Middleware\StartSession.php(64): Illuminate\Routing\Pipeline->Illuminate\Routing\{closure}(Object(Illuminate\Http\Request))
#21 F:\xampp\htdocs\larapus\vendor\laravel\framework\src\Illuminate\Pipeline\Pipeline.php(137): Illuminate\Session\Middleware\StartSession->handle(Object(Illuminate\Http\Request), Object(Closure))
#22 F:\xampp\htdocs\larapus\vendor\laravel\framework\src\Illuminate\Routing\Pipeline.php(33): Illuminate\Pipeline\Pipeline->Illuminate\Pipeline\{closure}(Object(Illuminate\Http\Request))
#23 F:\xampp\htdocs\larapus\vendor\laravel\framework\src\Illuminate\Cookie\Middleware\AddQueuedCookiesToResponse.php(37): Illuminate\Routing\Pipeline->Illuminate\Routing\{closure}(Object(Illuminate\Http\Request))
#24 F:\xampp\htdocs\larapus\vendor\laravel\framework\src\Illuminate\Pipeline\Pipeline.php(137): Illuminate\Cookie\Middleware\AddQueuedCookiesToResponse->handle(Object(Illuminate\Http\Request), Object(Closure))
#25 F:\xampp\htdocs\larapus\vendor\laravel\framework\src\Illuminate\Routing\Pipeline.php(33): Illuminate\Pipeline\Pipeline->Illuminate\Pipeline\{closure}(Object(Illuminate\Http\Request))
#26 F:\xampp\htdocs\larapus\vendor\laravel\framework\src\Illuminate\Cookie\Middleware\EncryptCookies.php(59): Illuminate\Routing\Pipeline->Illuminate\Routing\{closure}(Object(Illuminate\Http\Request))
#27 F:\xampp\htdocs\larapus\vendor\laravel\framework\src\Illuminate\Pipeline\Pipeline.php(137): Illuminate\Cookie\Middleware\EncryptCookies->handle(Object(Illuminate\Http\Request), Object(Closure))
#28 F:\xampp\htdocs\larapus\vendor\laravel\framework\src\Illuminate\Routing\Pipeline.php(33): Illuminate\Pipeline\Pipeline->Illuminate\Pipeline\{closure}(Object(Illuminate\Http\Request))
#29 F:\xampp\htdocs\larapus\vendor\laravel\framework\src\Illuminate\Pipeline\Pipeline.php(104): Illuminate\Routing\Pipeline->Illuminate\Routing\{closure}(Object(Illuminate\Http\Request))
#30 F:\xampp\htdocs\larapus\vendor\laravel\framework\src\Illuminate\Routing\Router.php(655): Illuminate\Pipeline\Pipeline->then(Object(Closure))
#31 F:\xampp\htdocs\larapus\vendor\laravel\framework\src\Illuminate\Routing\Router.php(629): Illuminate\Routing\Router->runRouteWithinStack(Object(Illuminate\Routing\Route), Object(Illuminate\Http\Request))
#32 F:\xampp\htdocs\larapus\vendor\laravel\framework\src\Illuminate\Routing\Router.php(607): Illuminate\Routing\Router->dispatchToRoute(Object(Illuminate\Http\Request))
#33 F:\xampp\htdocs\larapus\vendor\laravel\framework\src\Illuminate\Foundation\Http\Kernel.php(268): Illuminate\Routing\Router->dispatch(Object(Illuminate\Http\Request))
#34 F:\xampp\htdocs\larapus\vendor\laravel\framework\src\Illuminate\Routing\Pipeline.php(53): Illuminate\Foundation\Http\Kernel->Illuminate\Foundation\Http\{closure}(Object(Illuminate\Http\Request))
#35 F:\xampp\htdocs\larapus\vendor\laravel\framework\src\Illuminate\Foundation\Http\Middleware\CheckForMaintenanceMode.php(46): Illuminate\Routing\Pipeline->Illuminate\Routing\{closure}(Object(Illuminate\Http\Request))
#36 F:\xampp\htdocs\larapus\vendor\laravel\framework\src\Illuminate\Pipeline\Pipeline.php(137): Illuminate\Foundation\Http\Middleware\CheckForMaintenanceMode->handle(Object(Illuminate\Http\Request), Object(Closure))
#37 F:\xampp\htdocs\larapus\vendor\laravel\framework\src\Illuminate\Routing\Pipeline.php(33): Illuminate\Pipeline\Pipeline->Illuminate\Pipeline\{closure}(Object(Illuminate\Http\Request))
#38 F:\xampp\htdocs\larapus\vendor\laravel\framework\src\Illuminate\Pipeline\Pipeline.php(104): Illuminate\Routing\Pipeline->Illuminate\Routing\{closure}(Object(Illuminate\Http\Request))
#39 F:\xampp\htdocs\larapus\vendor\laravel\framework\src\Illuminate\Foundation\Http\Kernel.php(150): Illuminate\Pipeline\Pipeline->then(Object(Closure))
#40 F:\xampp\htdocs\larapus\vendor\laravel\framework\src\Illuminate\Foundation\Http\Kernel.php(117): Illuminate\Foundation\Http\Kernel->sendRequestThroughRouter(Object(Illuminate\Http\Request))
#41 F:\xampp\htdocs\larapus\public\index.php(54): Illuminate\Foundation\Http\Kernel->handle(Object(Illuminate\Http\Request))
#42 {main}  
[2019-10-18 17:45:35] local.ERROR: exception 'PDOException' with message 'SQLSTATE[HY000] [1045] Access denied for user 'homestead'@'localhost' (using password: YES)' in F:\xampp\htdocs\larapus\vendor\laravel\framework\src\Illuminate\Database\Connectors\Connector.php:119
Stack trace:
#0 F:\xampp\htdocs\larapus\vendor\laravel\framework\src\Illuminate\Database\Connectors\Connector.php(119): PDO->__construct('mysql:host=127....', 'homestead', 'secret', Array)
#1 F:\xampp\htdocs\larapus\vendor\laravel\framework\src\Illuminate\Database\Connectors\Connector.php(56): Illuminate\Database\Connectors\Connector->createPdoConnection('mysql:host=127....', 'homestead', 'secret', Array)
#2 F:\xampp\htdocs\larapus\vendor\laravel\framework\src\Illuminate\Database\Connectors\MySqlConnector.php(24): Illuminate\Database\Connectors\Connector->createConnection('mysql:host=127....', Array, Array)
#3 F:\xampp\htdocs\larapus\vendor\laravel\framework\src\Illuminate\Database\Connectors\ConnectionFactory.php(126): Illuminate\Database\Connectors\MySqlConnector->connect(Array)
#4 [internal function]: Illuminate\Database\Connectors\ConnectionFactory->Illuminate\Database\Connectors\{closure}()
#5 F:\xampp\htdocs\larapus\vendor\laravel\framework\src\Illuminate\Database\Connection.php(965): call_user_func(Object(Closure))
#6 F:\xampp\htdocs\larapus\vendor\laravel\framework\src\Illuminate\Database\Connection.php(986): Illuminate\Database\Connection->getPdo()
#7 F:\xampp\htdocs\larapus\vendor\laravel\framework\src\Illuminate\Database\Connection.php(423): Illuminate\Database\Connection->getReadPdo()
#8 F:\xampp\htdocs\larapus\vendor\laravel\framework\src\Illuminate\Database\Connection.php(333): Illuminate\Database\Connection->getPdoForSelect(true)
#9 F:\xampp\htdocs\larapus\vendor\laravel\framework\src\Illuminate\Database\Connection.php(763): Illuminate\Database\Connection->Illuminate\Database\{closure}(Object(Illuminate\Database\MySqlConnection), 'select * from i...', Array)
#10 F:\xampp\htdocs\larapus\vendor\laravel\framework\src\Illuminate\Database\Connection.php(726): Illuminate\Database\Connection->runQueryCallback('select * from i...', Array, Object(Closure))
#11 F:\xampp\htdocs\larapus\vendor\laravel\framework\src\Illuminate\Database\Connection.php(351): Illuminate\Database\Connection->run('select * from i...', Array, Object(Closure))
#12 F:\xampp\htdocs\larapus\vendor\laravel\framework\src\Illuminate\Database\Schema\MySqlBuilder.php(21): Illuminate\Database\Connection->select('select * from i...', Array)
#13 F:\xampp\htdocs\larapus\vendor\laravel\framework\src\Illuminate\Database\Migrations\DatabaseMigrationRepository.php(156): Illuminate\Database\Schema\MySqlBuilder->hasTable('migrations')
#14 F:\xampp\htdocs\larapus\vendor\laravel\framework\src\Illuminate\Database\Migrations\Migrator.php(515): Illuminate\Database\Migrations\DatabaseMigrationRepository->repositoryExists()
#15 F:\xampp\htdocs\larapus\vendor\laravel\framework\src\Illuminate\Database\Console\Migrations\MigrateCommand.php(92): Illuminate\Database\Migrations\Migrator->repositoryExists()
#16 F:\xampp\htdocs\larapus\vendor\laravel\framework\src\Illuminate\Database\Console\Migrations\MigrateCommand.php(58): Illuminate\Database\Console\Migrations\MigrateCommand->prepareDatabase()
#17 [internal function]: Illuminate\Database\Console\Migrations\MigrateCommand->fire()
#18 F:\xampp\htdocs\larapus\vendor\laravel\framework\src\Illuminate\Container\Container.php(508): call_user_func_array(Array, Array)
#19 F:\xampp\htdocs\larapus\vendor\laravel\framework\src\Illuminate\Console\Command.php(169): Illuminate\Container\Container->call(Array)
#20 F:\xampp\htdocs\larapus\vendor\symfony\console\Command\Command.php(261): Illuminate\Console\Command->execute(Object(Symfony\Component\Console\Input\ArgvInput), Object(Symfony\Component\Console\Output\ConsoleOutput))
#21 F:\xampp\htdocs\larapus\vendor\laravel\framework\src\Illuminate\Console\Command.php(155): Symfony\Component\Console\Command\Command->run(Object(Symfony\Component\Console\Input\ArgvInput), Object(Symfony\Component\Console\Output\ConsoleOutput))
#22 F:\xampp\htdocs\larapus\vendor\symfony\console\Application.php(817): Illuminate\Console\Command->run(Object(Symfony\Component\Console\Input\ArgvInput), Object(Symfony\Component\Console\Output\ConsoleOutput))
#23 F:\xampp\htdocs\larapus\vendor\symfony\console\Application.php(185): Symfony\Component\Console\Application->doRunCommand(Object(Illuminate\Database\Console\Migrations\MigrateCommand), Object(Symfony\Component\Console\Input\ArgvInput), Object(Symfony\Component\Console\Output\ConsoleOutput))
#24 F:\xampp\htdocs\larapus\vendor\symfony\console\Application.php(116): Symfony\Component\Console\Application->doRun(Object(Symfony\Component\Console\Input\ArgvInput), Object(Symfony\Component\Console\Output\ConsoleOutput))
#25 F:\xampp\htdocs\larapus\vendor\laravel\framework\src\Illuminate\Foundation\Console\Kernel.php(121): Symfony\Component\Console\Application->run(Object(Symfony\Component\Console\Input\ArgvInput), Object(Symfony\Component\Console\Output\ConsoleOutput))
#26 F:\xampp\htdocs\larapus\artisan(36): Illuminate\Foundation\Console\Kernel->handle(Object(Symfony\Component\Console\Input\ArgvInput), Object(Symfony\Component\Console\Output\ConsoleOutput))
#27 {main}  
[2019-10-18 17:45:35] local.ERROR: exception 'PDOException' with message 'SQLSTATE[HY000] [1045] Access denied for user 'homestead'@'localhost' (using password: YES)' in F:\xampp\htdocs\larapus\vendor\laravel\framework\src\Illuminate\Database\Connectors\Connector.php:119
Stack trace:
#0 F:\xampp\htdocs\larapus\vendor\laravel\framework\src\Illuminate\Database\Connectors\Connector.php(119): PDO->__construct('mysql:host=127....', 'homestead', 'secret', Array)
#1 F:\xampp\htdocs\larapus\vendor\laravel\framework\src\Illuminate\Database\Connectors\Connector.php(56): Illuminate\Database\Connectors\Connector->createPdoConnection('mysql:host=127....', 'homestead', 'secret', Array)
#2 F:\xampp\htdocs\larapus\vendor\laravel\framework\src\Illuminate\Database\Connectors\MySqlConnector.php(24): Illuminate\Database\Connectors\Connector->createConnection('mysql:host=127....', Array, Array)
#3 F:\xampp\htdocs\larapus\vendor\laravel\framework\src\Illuminate\Database\Connectors\ConnectionFactory.php(126): Illuminate\Database\Connectors\MySqlConnector->connect(Array)
#4 [internal function]: Illuminate\Database\Connectors\ConnectionFactory->Illuminate\Database\Connectors\{closure}()
#5 F:\xampp\htdocs\larapus\vendor\laravel\framework\src\Illuminate\Database\Connection.php(965): call_user_func(Object(Closure))
#6 F:\xampp\htdocs\larapus\vendor\laravel\framework\src\Illuminate\Database\Connection.php(986): Illuminate\Database\Connection->getPdo()
#7 F:\xampp\htdocs\larapus\vendor\laravel\framework\src\Illuminate\Database\Connection.php(423): Illuminate\Database\Connection->getReadPdo()
#8 F:\xampp\htdocs\larapus\vendor\laravel\framework\src\Illuminate\Database\Connection.php(333): Illuminate\Database\Connection->getPdoForSelect(true)
#9 F:\xampp\htdocs\larapus\vendor\laravel\framework\src\Illuminate\Database\Connection.php(763): Illuminate\Database\Connection->Illuminate\Database\{closure}(Object(Illuminate\Database\MySqlConnection), 'select * from i...', Array)
#10 F:\xampp\htdocs\larapus\vendor\laravel\framework\src\Illuminate\Database\Connection.php(726): Illuminate\Database\Connection->runQueryCallback('select * from i...', Array, Object(Closure))
#11 F:\xampp\htdocs\larapus\vendor\laravel\framework\src\Illuminate\Database\Connection.php(351): Illuminate\Database\Connection->run('select * from i...', Array, Object(Closure))
#12 F:\xampp\htdocs\larapus\vendor\laravel\framework\src\Illuminate\Database\Schema\MySqlBuilder.php(21): Illuminate\Database\Connection->select('select * from i...', Array)
#13 F:\xampp\htdocs\larapus\vendor\laravel\framework\src\Illuminate\Database\Migrations\DatabaseMigrationRepository.php(156): Illuminate\Database\Schema\MySqlBuilder->hasTable('migrations')
#14 F:\xampp\htdocs\larapus\vendor\laravel\framework\src\Illuminate\Database\Migrations\Migrator.php(515): Illuminate\Database\Migrations\DatabaseMigrationRepository->repositoryExists()
#15 F:\xampp\htdocs\larapus\vendor\laravel\framework\src\Illuminate\Database\Console\Migrations\MigrateCommand.php(92): Illuminate\Database\Migrations\Migrator->repositoryExists()
#16 F:\xampp\htdocs\larapus\vendor\laravel\framework\src\Illuminate\Database\Console\Migrations\MigrateCommand.php(58): Illuminate\Database\Console\Migrations\MigrateCommand->prepareDatabase()
#17 [internal function]: Illuminate\Database\Console\Migrations\MigrateCommand->fire()
#18 F:\xampp\htdocs\larapus\vendor\laravel\framework\src\Illuminate\Container\Container.php(508): call_user_func_array(Array, Array)
#19 F:\xampp\htdocs\larapus\vendor\laravel\framework\src\Illuminate\Console\Command.php(169): Illuminate\Container\Container->call(Array)
#20 F:\xampp\htdocs\larapus\vendor\symfony\console\Command\Command.php(261): Illuminate\Console\Command->execute(Object(Symfony\Component\Console\Input\ArgvInput), Object(Symfony\Component\Console\Output\ConsoleOutput))
#21 F:\xampp\htdocs\larapus\vendor\laravel\framework\src\Illuminate\Console\Command.php(155): Symfony\Component\Console\Command\Command->run(Object(Symfony\Component\Console\Input\ArgvInput), Object(Symfony\Component\Console\Output\ConsoleOutput))
#22 F:\xampp\htdocs\larapus\vendor\symfony\console\Application.php(817): Illuminate\Console\Command->run(Object(Symfony\Component\Console\Input\ArgvInput), Object(Symfony\Component\Console\Output\ConsoleOutput))
#23 F:\xampp\htdocs\larapus\vendor\symfony\console\Application.php(185): Symfony\Component\Console\Application->doRunCommand(Object(Illuminate\Database\Console\Migrations\MigrateCommand), Object(Symfony\Component\Console\Input\ArgvInput), Object(Symfony\Component\Console\Output\ConsoleOutput))
#24 F:\xampp\htdocs\larapus\vendor\symfony\console\Application.php(116): Symfony\Component\Console\Application->doRun(Object(Symfony\Component\Console\Input\ArgvInput), Object(Symfony\Component\Console\Output\ConsoleOutput))
#25 F:\xampp\htdocs\larapus\vendor\laravel\framework\src\Illuminate\Foundation\Console\Kernel.php(121): Symfony\Component\Console\Application->run(Object(Symfony\Component\Console\Input\ArgvInput), Object(Symfony\Component\Console\Output\ConsoleOutput))
#26 F:\xampp\htdocs\larapus\artisan(36): Illuminate\Foundation\Console\Kernel->handle(Object(Symfony\Component\Console\Input\ArgvInput), Object(Symfony\Component\Console\Output\ConsoleOutput))
#27 {main}

Next exception 'Illuminate\Database\QueryException' with message 'SQLSTATE[HY000] [1045] Access denied for user 'homestead'@'localhost' (using password: YES) (SQL: select * from information_schema.tables where table_schema = homestead and table_name = migrations)' in F:\xampp\htdocs\larapus\vendor\laravel\framework\src\Illuminate\Database\Connection.php:770
Stack trace:
#0 F:\xampp\htdocs\larapus\vendor\laravel\framework\src\Illuminate\Database\Connection.php(726): Illuminate\Database\Connection->runQueryCallback('select * from i...', Array, Object(Closure))
#1 F:\xampp\htdocs\larapus\vendor\laravel\framework\src\Illuminate\Database\Connection.php(351): Illuminate\Database\Connection->run('select * from i...', Array, Object(Closure))
#2 F:\xampp\htdocs\larapus\vendor\laravel\framework\src\Illuminate\Database\Schema\MySqlBuilder.php(21): Illuminate\Database\Connection->select('select * from i...', Array)
#3 F:\xampp\htdocs\larapus\vendor\laravel\framework\src\Illuminate\Database\Migrations\DatabaseMigrationRepository.php(156): Illuminate\Database\Schema\MySqlBuilder->hasTable('migrations')
#4 F:\xampp\htdocs\larapus\vendor\laravel\framework\src\Illuminate\Database\Migrations\Migrator.php(515): Illuminate\Database\Migrations\DatabaseMigrationRepository->repositoryExists()
#5 F:\xampp\htdocs\larapus\vendor\laravel\framework\src\Illuminate\Database\Console\Migrations\MigrateCommand.php(92): Illuminate\Database\Migrations\Migrator->repositoryExists()
#6 F:\xampp\htdocs\larapus\vendor\laravel\framework\src\Illuminate\Database\Console\Migrations\MigrateCommand.php(58): Illuminate\Database\Console\Migrations\MigrateCommand->prepareDatabase()
#7 [internal function]: Illuminate\Database\Console\Migrations\MigrateCommand->fire()
#8 F:\xampp\htdocs\larapus\vendor\laravel\framework\src\Illuminate\Container\Container.php(508): call_user_func_array(Array, Array)
#9 F:\xampp\htdocs\larapus\vendor\laravel\framework\src\Illuminate\Console\Command.php(169): Illuminate\Container\Container->call(Array)
#10 F:\xampp\htdocs\larapus\vendor\symfony\console\Command\Command.php(261): Illuminate\Console\Command->execute(Object(Symfony\Component\Console\Input\ArgvInput), Object(Symfony\Component\Console\Output\ConsoleOutput))
#11 F:\xampp\htdocs\larapus\vendor\laravel\framework\src\Illuminate\Console\Command.php(155): Symfony\Component\Console\Command\Command->run(Object(Symfony\Component\Console\Input\ArgvInput), Object(Symfony\Component\Console\Output\ConsoleOutput))
#12 F:\xampp\htdocs\larapus\vendor\symfony\console\Application.php(817): Illuminate\Console\Command->run(Object(Symfony\Component\Console\Input\ArgvInput), Object(Symfony\Component\Console\Output\ConsoleOutput))
#13 F:\xampp\htdocs\larapus\vendor\symfony\console\Application.php(185): Symfony\Component\Console\Application->doRunCommand(Object(Illuminate\Database\Console\Migrations\MigrateCommand), Object(Symfony\Component\Console\Input\ArgvInput), Object(Symfony\Component\Console\Output\ConsoleOutput))
#14 F:\xampp\htdocs\larapus\vendor\symfony\console\Application.php(116): Symfony\Component\Console\Application->doRun(Object(Symfony\Component\Console\Input\ArgvInput), Object(Symfony\Component\Console\Output\ConsoleOutput))
#15 F:\xampp\htdocs\larapus\vendor\laravel\framework\src\Illuminate\Foundation\Console\Kernel.php(121): Symfony\Component\Console\Application->run(Object(Symfony\Component\Console\Input\ArgvInput), Object(Symfony\Component\Console\Output\ConsoleOutput))
#16 F:\xampp\htdocs\larapus\artisan(36): Illuminate\Foundation\Console\Kernel->handle(Object(Symfony\Component\Console\Input\ArgvInput), Object(Symfony\Component\Console\Output\ConsoleOutput))
#17 {main}  
[2019-10-18 17:46:28] local.ERROR: exception 'PDOException' with message 'SQLSTATE[HY000] [1049] Unknown database 'homestead'' in F:\xampp\htdocs\larapus\vendor\laravel\framework\src\Illuminate\Database\Connectors\Connector.php:119
Stack trace:
#0 F:\xampp\htdocs\larapus\vendor\laravel\framework\src\Illuminate\Database\Connectors\Connector.php(119): PDO->__construct('mysql:host=127....', 'root', '', Array)
#1 F:\xampp\htdocs\larapus\vendor\laravel\framework\src\Illuminate\Database\Connectors\Connector.php(56): Illuminate\Database\Connectors\Connector->createPdoConnection('mysql:host=127....', 'root', '', Array)
#2 F:\xampp\htdocs\larapus\vendor\laravel\framework\src\Illuminate\Database\Connectors\MySqlConnector.php(24): Illuminate\Database\Connectors\Connector->createConnection('mysql:host=127....', Array, Array)
#3 F:\xampp\htdocs\larapus\vendor\laravel\framework\src\Illuminate\Database\Connectors\ConnectionFactory.php(126): Illuminate\Database\Connectors\MySqlConnector->connect(Array)
#4 [internal function]: Illuminate\Database\Connectors\ConnectionFactory->Illuminate\Database\Connectors\{closure}()
#5 F:\xampp\htdocs\larapus\vendor\laravel\framework\src\Illuminate\Database\Connection.php(965): call_user_func(Object(Closure))
#6 F:\xampp\htdocs\larapus\vendor\laravel\framework\src\Illuminate\Database\Connection.php(986): Illuminate\Database\Connection->getPdo()
#7 F:\xampp\htdocs\larapus\vendor\laravel\framework\src\Illuminate\Database\Connection.php(423): Illuminate\Database\Connection->getReadPdo()
#8 F:\xampp\htdocs\larapus\vendor\laravel\framework\src\Illuminate\Database\Connection.php(333): Illuminate\Database\Connection->getPdoForSelect(true)
#9 F:\xampp\htdocs\larapus\vendor\laravel\framework\src\Illuminate\Database\Connection.php(763): Illuminate\Database\Connection->Illuminate\Database\{closure}(Object(Illuminate\Database\MySqlConnection), 'select * from i...', Array)
#10 F:\xampp\htdocs\larapus\vendor\laravel\framework\src\Illuminate\Database\Connection.php(726): Illuminate\Database\Connection->runQueryCallback('select * from i...', Array, Object(Closure))
#11 F:\xampp\htdocs\larapus\vendor\laravel\framework\src\Illuminate\Database\Connection.php(351): Illuminate\Database\Connection->run('select * from i...', Array, Object(Closure))
#12 F:\xampp\htdocs\larapus\vendor\laravel\framework\src\Illuminate\Database\Schema\MySqlBuilder.php(21): Illuminate\Database\Connection->select('select * from i...', Array)
#13 F:\xampp\htdocs\larapus\vendor\laravel\framework\src\Illuminate\Database\Migrations\DatabaseMigrationRepository.php(156): Illuminate\Database\Schema\MySqlBuilder->hasTable('migrations')
#14 F:\xampp\htdocs\larapus\vendor\laravel\framework\src\Illuminate\Database\Migrations\Migrator.php(515): Illuminate\Database\Migrations\DatabaseMigrationRepository->repositoryExists()
#15 F:\xampp\htdocs\larapus\vendor\laravel\framework\src\Illuminate\Database\Console\Migrations\MigrateCommand.php(92): Illuminate\Database\Migrations\Migrator->repositoryExists()
#16 F:\xampp\htdocs\larapus\vendor\laravel\framework\src\Illuminate\Database\Console\Migrations\MigrateCommand.php(58): Illuminate\Database\Console\Migrations\MigrateCommand->prepareDatabase()
#17 [internal function]: Illuminate\Database\Console\Migrations\MigrateCommand->fire()
#18 F:\xampp\htdocs\larapus\vendor\laravel\framework\src\Illuminate\Container\Container.php(508): call_user_func_array(Array, Array)
#19 F:\xampp\htdocs\larapus\vendor\laravel\framework\src\Illuminate\Console\Command.php(169): Illuminate\Container\Container->call(Array)
#20 F:\xampp\htdocs\larapus\vendor\symfony\console\Command\Command.php(261): Illuminate\Console\Command->execute(Object(Symfony\Component\Console\Input\ArgvInput), Object(Symfony\Component\Console\Output\ConsoleOutput))
#21 F:\xampp\htdocs\larapus\vendor\laravel\framework\src\Illuminate\Console\Command.php(155): Symfony\Component\Console\Command\Command->run(Object(Symfony\Component\Console\Input\ArgvInput), Object(Symfony\Component\Console\Output\ConsoleOutput))
#22 F:\xampp\htdocs\larapus\vendor\symfony\console\Application.php(817): Illuminate\Console\Command->run(Object(Symfony\Component\Console\Input\ArgvInput), Object(Symfony\Component\Console\Output\ConsoleOutput))
#23 F:\xampp\htdocs\larapus\vendor\symfony\console\Application.php(185): Symfony\Component\Console\Application->doRunCommand(Object(Illuminate\Database\Console\Migrations\MigrateCommand), Object(Symfony\Component\Console\Input\ArgvInput), Object(Symfony\Component\Console\Output\ConsoleOutput))
#24 F:\xampp\htdocs\larapus\vendor\symfony\console\Application.php(116): Symfony\Component\Console\Application->doRun(Object(Symfony\Component\Console\Input\ArgvInput), Object(Symfony\Component\Console\Output\ConsoleOutput))
#25 F:\xampp\htdocs\larapus\vendor\laravel\framework\src\Illuminate\Foundation\Console\Kernel.php(121): Symfony\Component\Console\Application->run(Object(Symfony\Component\Console\Input\ArgvInput), Object(Symfony\Component\Console\Output\ConsoleOutput))
#26 F:\xampp\htdocs\larapus\artisan(36): Illuminate\Foundation\Console\Kernel->handle(Object(Symfony\Component\Console\Input\ArgvInput), Object(Symfony\Component\Console\Output\ConsoleOutput))
#27 {main}  
[2019-10-18 17:46:28] local.ERROR: exception 'PDOException' with message 'SQLSTATE[HY000] [1049] Unknown database 'homestead'' in F:\xampp\htdocs\larapus\vendor\laravel\framework\src\Illuminate\Database\Connectors\Connector.php:119
Stack trace:
#0 F:\xampp\htdocs\larapus\vendor\laravel\framework\src\Illuminate\Database\Connectors\Connector.php(119): PDO->__construct('mysql:host=127....', 'root', '', Array)
#1 F:\xampp\htdocs\larapus\vendor\laravel\framework\src\Illuminate\Database\Connectors\Connector.php(56): Illuminate\Database\Connectors\Connector->createPdoConnection('mysql:host=127....', 'root', '', Array)
#2 F:\xampp\htdocs\larapus\vendor\laravel\framework\src\Illuminate\Database\Connectors\MySqlConnector.php(24): Illuminate\Database\Connectors\Connector->createConnection('mysql:host=127....', Array, Array)
#3 F:\xampp\htdocs\larapus\vendor\laravel\framework\src\Illuminate\Database\Connectors\ConnectionFactory.php(126): Illuminate\Database\Connectors\MySqlConnector->connect(Array)
#4 [internal function]: Illuminate\Database\Connectors\ConnectionFactory->Illuminate\Database\Connectors\{closure}()
#5 F:\xampp\htdocs\larapus\vendor\laravel\framework\src\Illuminate\Database\Connection.php(965): call_user_func(Object(Closure))
#6 F:\xampp\htdocs\larapus\vendor\laravel\framework\src\Illuminate\Database\Connection.php(986): Illuminate\Database\Connection->getPdo()
#7 F:\xampp\htdocs\larapus\vendor\laravel\framework\src\Illuminate\Database\Connection.php(423): Illuminate\Database\Connection->getReadPdo()
#8 F:\xampp\htdocs\larapus\vendor\laravel\framework\src\Illuminate\Database\Connection.php(333): Illuminate\Database\Connection->getPdoForSelect(true)
#9 F:\xampp\htdocs\larapus\vendor\laravel\framework\src\Illuminate\Database\Connection.php(763): Illuminate\Database\Connection->Illuminate\Database\{closure}(Object(Illuminate\Database\MySqlConnection), 'select * from i...', Array)
#10 F:\xampp\htdocs\larapus\vendor\laravel\framework\src\Illuminate\Database\Connection.php(726): Illuminate\Database\Connection->runQueryCallback('select * from i...', Array, Object(Closure))
#11 F:\xampp\htdocs\larapus\vendor\laravel\framework\src\Illuminate\Database\Connection.php(351): Illuminate\Database\Connection->run('select * from i...', Array, Object(Closure))
#12 F:\xampp\htdocs\larapus\vendor\laravel\framework\src\Illuminate\Database\Schema\MySqlBuilder.php(21): Illuminate\Database\Connection->select('select * from i...', Array)
#13 F:\xampp\htdocs\larapus\vendor\laravel\framework\src\Illuminate\Database\Migrations\DatabaseMigrationRepository.php(156): Illuminate\Database\Schema\MySqlBuilder->hasTable('migrations')
#14 F:\xampp\htdocs\larapus\vendor\laravel\framework\src\Illuminate\Database\Migrations\Migrator.php(515): Illuminate\Database\Migrations\DatabaseMigrationRepository->repositoryExists()
#15 F:\xampp\htdocs\larapus\vendor\laravel\framework\src\Illuminate\Database\Console\Migrations\MigrateCommand.php(92): Illuminate\Database\Migrations\Migrator->repositoryExists()
#16 F:\xampp\htdocs\larapus\vendor\laravel\framework\src\Illuminate\Database\Console\Migrations\MigrateCommand.php(58): Illuminate\Database\Console\Migrations\MigrateCommand->prepareDatabase()
#17 [internal function]: Illuminate\Database\Console\Migrations\MigrateCommand->fire()
#18 F:\xampp\htdocs\larapus\vendor\laravel\framework\src\Illuminate\Container\Container.php(508): call_user_func_array(Array, Array)
#19 F:\xampp\htdocs\larapus\vendor\laravel\framework\src\Illuminate\Console\Command.php(169): Illuminate\Container\Container->call(Array)
#20 F:\xampp\htdocs\larapus\vendor\symfony\console\Command\Command.php(261): Illuminate\Console\Command->execute(Object(Symfony\Component\Console\Input\ArgvInput), Object(Symfony\Component\Console\Output\ConsoleOutput))
#21 F:\xampp\htdocs\larapus\vendor\laravel\framework\src\Illuminate\Console\Command.php(155): Symfony\Component\Console\Command\Command->run(Object(Symfony\Component\Console\Input\ArgvInput), Object(Symfony\Component\Console\Output\ConsoleOutput))
#22 F:\xampp\htdocs\larapus\vendor\symfony\console\Application.php(817): Illuminate\Console\Command->run(Object(Symfony\Component\Console\Input\ArgvInput), Object(Symfony\Component\Console\Output\ConsoleOutput))
#23 F:\xampp\htdocs\larapus\vendor\symfony\console\Application.php(185): Symfony\Component\Console\Application->doRunCommand(Object(Illuminate\Database\Console\Migrations\MigrateCommand), Object(Symfony\Component\Console\Input\ArgvInput), Object(Symfony\Component\Console\Output\ConsoleOutput))
#24 F:\xampp\htdocs\larapus\vendor\symfony\console\Application.php(116): Symfony\Component\Console\Application->doRun(Object(Symfony\Component\Console\Input\ArgvInput), Object(Symfony\Component\Console\Output\ConsoleOutput))
#25 F:\xampp\htdocs\larapus\vendor\laravel\framework\src\Illuminate\Foundation\Console\Kernel.php(121): Symfony\Component\Console\Application->run(Object(Symfony\Component\Console\Input\ArgvInput), Object(Symfony\Component\Console\Output\ConsoleOutput))
#26 F:\xampp\htdocs\larapus\artisan(36): Illuminate\Foundation\Console\Kernel->handle(Object(Symfony\Component\Console\Input\ArgvInput), Object(Symfony\Component\Console\Output\ConsoleOutput))
#27 {main}

Next exception 'Illuminate\Database\QueryException' with message 'SQLSTATE[HY000] [1049] Unknown database 'homestead' (SQL: select * from information_schema.tables where table_schema = homestead and table_name = migrations)' in F:\xampp\htdocs\larapus\vendor\laravel\framework\src\Illuminate\Database\Connection.php:770
Stack trace:
#0 F:\xampp\htdocs\larapus\vendor\laravel\framework\src\Illuminate\Database\Connection.php(726): Illuminate\Database\Connection->runQueryCallback('select * from i...', Array, Object(Closure))
#1 F:\xampp\htdocs\larapus\vendor\laravel\framework\src\Illuminate\Database\Connection.php(351): Illuminate\Database\Connection->run('select * from i...', Array, Object(Closure))
#2 F:\xampp\htdocs\larapus\vendor\laravel\framework\src\Illuminate\Database\Schema\MySqlBuilder.php(21): Illuminate\Database\Connection->select('select * from i...', Array)
#3 F:\xampp\htdocs\larapus\vendor\laravel\framework\src\Illuminate\Database\Migrations\DatabaseMigrationRepository.php(156): Illuminate\Database\Schema\MySqlBuilder->hasTable('migrations')
#4 F:\xampp\htdocs\larapus\vendor\laravel\framework\src\Illuminate\Database\Migrations\Migrator.php(515): Illuminate\Database\Migrations\DatabaseMigrationRepository->repositoryExists()
#5 F:\xampp\htdocs\larapus\vendor\laravel\framework\src\Illuminate\Database\Console\Migrations\MigrateCommand.php(92): Illuminate\Database\Migrations\Migrator->repositoryExists()
#6 F:\xampp\htdocs\larapus\vendor\laravel\framework\src\Illuminate\Database\Console\Migrations\MigrateCommand.php(58): Illuminate\Database\Console\Migrations\MigrateCommand->prepareDatabase()
#7 [internal function]: Illuminate\Database\Console\Migrations\MigrateCommand->fire()
#8 F:\xampp\htdocs\larapus\vendor\laravel\framework\src\Illuminate\Container\Container.php(508): call_user_func_array(Array, Array)
#9 F:\xampp\htdocs\larapus\vendor\laravel\framework\src\Illuminate\Console\Command.php(169): Illuminate\Container\Container->call(Array)
#10 F:\xampp\htdocs\larapus\vendor\symfony\console\Command\Command.php(261): Illuminate\Console\Command->execute(Object(Symfony\Component\Console\Input\ArgvInput), Object(Symfony\Component\Console\Output\ConsoleOutput))
#11 F:\xampp\htdocs\larapus\vendor\laravel\framework\src\Illuminate\Console\Command.php(155): Symfony\Component\Console\Command\Command->run(Object(Symfony\Component\Console\Input\ArgvInput), Object(Symfony\Component\Console\Output\ConsoleOutput))
#12 F:\xampp\htdocs\larapus\vendor\symfony\console\Application.php(817): Illuminate\Console\Command->run(Object(Symfony\Component\Console\Input\ArgvInput), Object(Symfony\Component\Console\Output\ConsoleOutput))
#13 F:\xampp\htdocs\larapus\vendor\symfony\console\Application.php(185): Symfony\Component\Console\Application->doRunCommand(Object(Illuminate\Database\Console\Migrations\MigrateCommand), Object(Symfony\Component\Console\Input\ArgvInput), Object(Symfony\Component\Console\Output\ConsoleOutput))
#14 F:\xampp\htdocs\larapus\vendor\symfony\console\Application.php(116): Symfony\Component\Console\Application->doRun(Object(Symfony\Component\Console\Input\ArgvInput), Object(Symfony\Component\Console\Output\ConsoleOutput))
#15 F:\xampp\htdocs\larapus\vendor\laravel\framework\src\Illuminate\Foundation\Console\Kernel.php(121): Symfony\Component\Console\Application->run(Object(Symfony\Component\Console\Input\ArgvInput), Object(Symfony\Component\Console\Output\ConsoleOutput))
#16 F:\xampp\htdocs\larapus\artisan(36): Illuminate\Foundation\Console\Kernel->handle(Object(Symfony\Component\Console\Input\ArgvInput), Object(Symfony\Component\Console\Output\ConsoleOutput))
#17 {main}  
[2019-10-18 17:48:41] local.ERROR: exception 'InvalidArgumentException' with message 'View [layouts.app] not found.' in F:\xampp\htdocs\larapus\vendor\laravel\framework\src\Illuminate\View\FileViewFinder.php:137
Stack trace:
#0 F:\xampp\htdocs\larapus\vendor\laravel\framework\src\Illuminate\View\FileViewFinder.php(79): Illuminate\View\FileViewFinder->findInPaths('layouts.app', Array)
#1 F:\xampp\htdocs\larapus\vendor\laravel\framework\src\Illuminate\View\Factory.php(174): Illuminate\View\FileViewFinder->find('layouts.app')
#2 F:\xampp\htdocs\larapus\storage\framework\views\2aaac97fa71fbe7df5c3da688f65dc83edd76700.php(15): Illuminate\View\Factory->make('layouts.app', Array)
#3 F:\xampp\htdocs\larapus\vendor\laravel\framework\src\Illuminate\View\Engines\PhpEngine.php(42): include('F:\\xampp\\htdocs...')
#4 F:\xampp\htdocs\larapus\vendor\laravel\framework\src\Illuminate\View\Engines\CompilerEngine.php(59): Illuminate\View\Engines\PhpEngine->evaluatePath('F:\\xampp\\htdocs...', Array)
#5 F:\xampp\htdocs\larapus\vendor\laravel\framework\src\Illuminate\View\View.php(149): Illuminate\View\Engines\CompilerEngine->get('F:\\xampp\\htdocs...', Array)
#6 F:\xampp\htdocs\larapus\vendor\laravel\framework\src\Illuminate\View\View.php(120): Illuminate\View\View->getContents()
#7 F:\xampp\htdocs\larapus\vendor\laravel\framework\src\Illuminate\View\View.php(85): Illuminate\View\View->renderContents()
#8 F:\xampp\htdocs\larapus\vendor\laravel\framework\src\Illuminate\Http\Response.php(45): Illuminate\View\View->render()
#9 F:\xampp\htdocs\larapus\vendor\symfony\http-foundation\Response.php(201): Illuminate\Http\Response->setContent(Object(Illuminate\View\View))
#10 F:\xampp\htdocs\larapus\vendor\laravel\framework\src\Illuminate\Routing\Router.php(1028): Symfony\Component\HttpFoundation\Response->__construct(Object(Illuminate\View\View))
#11 F:\xampp\htdocs\larapus\vendor\laravel\framework\src\Illuminate\Routing\Router.php(654): Illuminate\Routing\Router->prepareResponse(Object(Illuminate\Http\Request), Object(Illuminate\View\View))
#12 F:\xampp\htdocs\larapus\vendor\laravel\framework\src\Illuminate\Routing\Pipeline.php(53): Illuminate\Routing\Router->Illuminate\Routing\{closure}(Object(Illuminate\Http\Request))
#13 F:\xampp\htdocs\larapus\vendor\laravel\framework\src\Illuminate\Routing\Middleware\SubstituteBindings.php(41): Illuminate\Routing\Pipeline->Illuminate\Routing\{closure}(Object(Illuminate\Http\Request))
#14 F:\xampp\htdocs\larapus\vendor\laravel\framework\src\Illuminate\Pipeline\Pipeline.php(137): Illuminate\Routing\Middleware\SubstituteBindings->handle(Object(Illuminate\Http\Request), Object(Closure))
#15 F:\xampp\htdocs\larapus\vendor\laravel\framework\src\Illuminate\Routing\Pipeline.php(33): Illuminate\Pipeline\Pipeline->Illuminate\Pipeline\{closure}(Object(Illuminate\Http\Request))
#16 F:\xampp\htdocs\larapus\vendor\laravel\framework\src\Illuminate\Foundation\Http\Middleware\VerifyCsrfToken.php(65): Illuminate\Routing\Pipeline->Illuminate\Routing\{closure}(Object(Illuminate\Http\Request))
#17 F:\xampp\htdocs\larapus\vendor\laravel\framework\src\Illuminate\Pipeline\Pipeline.php(137): Illuminate\Foundation\Http\Middleware\VerifyCsrfToken->handle(Object(Illuminate\Http\Request), Object(Closure))
#18 F:\xampp\htdocs\larapus\vendor\laravel\framework\src\Illuminate\Routing\Pipeline.php(33): Illuminate\Pipeline\Pipeline->Illuminate\Pipeline\{closure}(Object(Illuminate\Http\Request))
#19 F:\xampp\htdocs\larapus\vendor\laravel\framework\src\Illuminate\View\Middleware\ShareErrorsFromSession.php(49): Illuminate\Routing\Pipeline->Illuminate\Routing\{closure}(Object(Illuminate\Http\Request))
#20 F:\xampp\htdocs\larapus\vendor\laravel\framework\src\Illuminate\Pipeline\Pipeline.php(137): Illuminate\View\Middleware\ShareErrorsFromSession->handle(Object(Illuminate\Http\Request), Object(Closure))
#21 F:\xampp\htdocs\larapus\vendor\laravel\framework\src\Illuminate\Routing\Pipeline.php(33): Illuminate\Pipeline\Pipeline->Illuminate\Pipeline\{closure}(Object(Illuminate\Http\Request))
#22 F:\xampp\htdocs\larapus\vendor\laravel\framework\src\Illuminate\Session\Middleware\StartSession.php(64): Illuminate\Routing\Pipeline->Illuminate\Routing\{closure}(Object(Illuminate\Http\Request))
#23 F:\xampp\htdocs\larapus\vendor\laravel\framework\src\Illuminate\Pipeline\Pipeline.php(137): Illuminate\Session\Middleware\StartSession->handle(Object(Illuminate\Http\Request), Object(Closure))
#24 F:\xampp\htdocs\larapus\vendor\laravel\framework\src\Illuminate\Routing\Pipeline.php(33): Illuminate\Pipeline\Pipeline->Illuminate\Pipeline\{closure}(Object(Illuminate\Http\Request))
#25 F:\xampp\htdocs\larapus\vendor\laravel\framework\src\Illuminate\Cookie\Middleware\AddQueuedCookiesToResponse.php(37): Illuminate\Routing\Pipeline->Illuminate\Routing\{closure}(Object(Illuminate\Http\Request))
#26 F:\xampp\htdocs\larapus\vendor\laravel\framework\src\Illuminate\Pipeline\Pipeline.php(137): Illuminate\Cookie\Middleware\AddQueuedCookiesToResponse->handle(Object(Illuminate\Http\Request), Object(Closure))
#27 F:\xampp\htdocs\larapus\vendor\laravel\framework\src\Illuminate\Routing\Pipeline.php(33): Illuminate\Pipeline\Pipeline->Illuminate\Pipeline\{closure}(Object(Illuminate\Http\Request))
#28 F:\xampp\htdocs\larapus\vendor\laravel\framework\src\Illuminate\Cookie\Middleware\EncryptCookies.php(59): Illuminate\Routing\Pipeline->Illuminate\Routing\{closure}(Object(Illuminate\Http\Request))
#29 F:\xampp\htdocs\larapus\vendor\laravel\framework\src\Illuminate\Pipeline\Pipeline.php(137): Illuminate\Cookie\Middleware\EncryptCookies->handle(Object(Illuminate\Http\Request), Object(Closure))
#30 F:\xampp\htdocs\larapus\vendor\laravel\framework\src\Illuminate\Routing\Pipeline.php(33): Illuminate\Pipeline\Pipeline->Illuminate\Pipeline\{closure}(Object(Illuminate\Http\Request))
#31 F:\xampp\htdocs\larapus\vendor\laravel\framework\src\Illuminate\Pipeline\Pipeline.php(104): Illuminate\Routing\Pipeline->Illuminate\Routing\{closure}(Object(Illuminate\Http\Request))
#32 F:\xampp\htdocs\larapus\vendor\laravel\framework\src\Illuminate\Routing\Router.php(655): Illuminate\Pipeline\Pipeline->then(Object(Closure))
#33 F:\xampp\htdocs\larapus\vendor\laravel\framework\src\Illuminate\Routing\Router.php(629): Illuminate\Routing\Router->runRouteWithinStack(Object(Illuminate\Routing\Route), Object(Illuminate\Http\Request))
#34 F:\xampp\htdocs\larapus\vendor\laravel\framework\src\Illuminate\Routing\Router.php(607): Illuminate\Routing\Router->dispatchToRoute(Object(Illuminate\Http\Request))
#35 F:\xampp\htdocs\larapus\vendor\laravel\framework\src\Illuminate\Foundation\Http\Kernel.php(268): Illuminate\Routing\Router->dispatch(Object(Illuminate\Http\Request))
#36 F:\xampp\htdocs\larapus\vendor\laravel\framework\src\Illuminate\Routing\Pipeline.php(53): Illuminate\Foundation\Http\Kernel->Illuminate\Foundation\Http\{closure}(Object(Illuminate\Http\Request))
#37 F:\xampp\htdocs\larapus\vendor\laravel\framework\src\Illuminate\Foundation\Http\Middleware\CheckForMaintenanceMode.php(46): Illuminate\Routing\Pipeline->Illuminate\Routing\{closure}(Object(Illuminate\Http\Request))
#38 F:\xampp\htdocs\larapus\vendor\laravel\framework\src\Illuminate\Pipeline\Pipeline.php(137): Illuminate\Foundation\Http\Middleware\CheckForMaintenanceMode->handle(Object(Illuminate\Http\Request), Object(Closure))
#39 F:\xampp\htdocs\larapus\vendor\laravel\framework\src\Illuminate\Routing\Pipeline.php(33): Illuminate\Pipeline\Pipeline->Illuminate\Pipeline\{closure}(Object(Illuminate\Http\Request))
#40 F:\xampp\htdocs\larapus\vendor\laravel\framework\src\Illuminate\Pipeline\Pipeline.php(104): Illuminate\Routing\Pipeline->Illuminate\Routing\{closure}(Object(Illuminate\Http\Request))
#41 F:\xampp\htdocs\larapus\vendor\laravel\framework\src\Illuminate\Foundation\Http\Kernel.php(150): Illuminate\Pipeline\Pipeline->then(Object(Closure))
#42 F:\xampp\htdocs\larapus\vendor\laravel\framework\src\Illuminate\Foundation\Http\Kernel.php(117): Illuminate\Foundation\Http\Kernel->sendRequestThroughRouter(Object(Illuminate\Http\Request))
#43 F:\xampp\htdocs\larapus\public\index.php(54): Illuminate\Foundation\Http\Kernel->handle(Object(Illuminate\Http\Request))
#44 {main}

Next exception 'ErrorException' with message 'View [layouts.app] not found. (View: F:\xampp\htdocs\larapus\resources\views\welcome.blade.php)' in F:\xampp\htdocs\larapus\vendor\laravel\framework\src\Illuminate\View\FileViewFinder.php:137
Stack trace:
#0 F:\xampp\htdocs\larapus\vendor\laravel\framework\src\Illuminate\View\Engines\PhpEngine.php(44): Illuminate\View\Engines\CompilerEngine->handleViewException(Object(InvalidArgumentException), 1)
#1 F:\xampp\htdocs\larapus\vendor\laravel\framework\src\Illuminate\View\Engines\CompilerEngine.php(59): Illuminate\View\Engines\PhpEngine->evaluatePath('F:\\xampp\\htdocs...', Array)
#2 F:\xampp\htdocs\larapus\vendor\laravel\framework\src\Illuminate\View\View.php(149): Illuminate\View\Engines\CompilerEngine->get('F:\\xampp\\htdocs...', Array)
#3 F:\xampp\htdocs\larapus\vendor\laravel\framework\src\Illuminate\View\View.php(120): Illuminate\View\View->getContents()
#4 F:\xampp\htdocs\larapus\vendor\laravel\framework\src\Illuminate\View\View.php(85): Illuminate\View\View->renderContents()
#5 F:\xampp\htdocs\larapus\vendor\laravel\framework\src\Illuminate\Http\Response.php(45): Illuminate\View\View->render()
#6 F:\xampp\htdocs\larapus\vendor\symfony\http-foundation\Response.php(201): Illuminate\Http\Response->setContent(Object(Illuminate\View\View))
#7 F:\xampp\htdocs\larapus\vendor\laravel\framework\src\Illuminate\Routing\Router.php(1028): Symfony\Component\HttpFoundation\Response->__construct(Object(Illuminate\View\View))
#8 F:\xampp\htdocs\larapus\vendor\laravel\framework\src\Illuminate\Routing\Router.php(654): Illuminate\Routing\Router->prepareResponse(Object(Illuminate\Http\Request), Object(Illuminate\View\View))
#9 F:\xampp\htdocs\larapus\vendor\laravel\framework\src\Illuminate\Routing\Pipeline.php(53): Illuminate\Routing\Router->Illuminate\Routing\{closure}(Object(Illuminate\Http\Request))
#10 F:\xampp\htdocs\larapus\vendor\laravel\framework\src\Illuminate\Routing\Middleware\SubstituteBindings.php(41): Illuminate\Routing\Pipeline->Illuminate\Routing\{closure}(Object(Illuminate\Http\Request))
#11 F:\xampp\htdocs\larapus\vendor\laravel\framework\src\Illuminate\Pipeline\Pipeline.php(137): Illuminate\Routing\Middleware\SubstituteBindings->handle(Object(Illuminate\Http\Request), Object(Closure))
#12 F:\xampp\htdocs\larapus\vendor\laravel\framework\src\Illuminate\Routing\Pipeline.php(33): Illuminate\Pipeline\Pipeline->Illuminate\Pipeline\{closure}(Object(Illuminate\Http\Request))
#13 F:\xampp\htdocs\larapus\vendor\laravel\framework\src\Illuminate\Foundation\Http\Middleware\VerifyCsrfToken.php(65): Illuminate\Routing\Pipeline->Illuminate\Routing\{closure}(Object(Illuminate\Http\Request))
#14 F:\xampp\htdocs\larapus\vendor\laravel\framework\src\Illuminate\Pipeline\Pipeline.php(137): Illuminate\Foundation\Http\Middleware\VerifyCsrfToken->handle(Object(Illuminate\Http\Request), Object(Closure))
#15 F:\xampp\htdocs\larapus\vendor\laravel\framework\src\Illuminate\Routing\Pipeline.php(33): Illuminate\Pipeline\Pipeline->Illuminate\Pipeline\{closure}(Object(Illuminate\Http\Request))
#16 F:\xampp\htdocs\larapus\vendor\laravel\framework\src\Illuminate\View\Middleware\ShareErrorsFromSession.php(49): Illuminate\Routing\Pipeline->Illuminate\Routing\{closure}(Object(Illuminate\Http\Request))
#17 F:\xampp\htdocs\larapus\vendor\laravel\framework\src\Illuminate\Pipeline\Pipeline.php(137): Illuminate\View\Middleware\ShareErrorsFromSession->handle(Object(Illuminate\Http\Request), Object(Closure))
#18 F:\xampp\htdocs\larapus\vendor\laravel\framework\src\Illuminate\Routing\Pipeline.php(33): Illuminate\Pipeline\Pipeline->Illuminate\Pipeline\{closure}(Object(Illuminate\Http\Request))
#19 F:\xampp\htdocs\larapus\vendor\laravel\framework\src\Illuminate\Session\Middleware\StartSession.php(64): Illuminate\Routing\Pipeline->Illuminate\Routing\{closure}(Object(Illuminate\Http\Request))
#20 F:\xampp\htdocs\larapus\vendor\laravel\framework\src\Illuminate\Pipeline\Pipeline.php(137): Illuminate\Session\Middleware\StartSession->handle(Object(Illuminate\Http\Request), Object(Closure))
#21 F:\xampp\htdocs\larapus\vendor\laravel\framework\src\Illuminate\Routing\Pipeline.php(33): Illuminate\Pipeline\Pipeline->Illuminate\Pipeline\{closure}(Object(Illuminate\Http\Request))
#22 F:\xampp\htdocs\larapus\vendor\laravel\framework\src\Illuminate\Cookie\Middleware\AddQueuedCookiesToResponse.php(37): Illuminate\Routing\Pipeline->Illuminate\Routing\{closure}(Object(Illuminate\Http\Request))
#23 F:\xampp\htdocs\larapus\vendor\laravel\framework\src\Illuminate\Pipeline\Pipeline.php(137): Illuminate\Cookie\Middleware\AddQueuedCookiesToResponse->handle(Object(Illuminate\Http\Request), Object(Closure))
#24 F:\xampp\htdocs\larapus\vendor\laravel\framework\src\Illuminate\Routing\Pipeline.php(33): Illuminate\Pipeline\Pipeline->Illuminate\Pipeline\{closure}(Object(Illuminate\Http\Request))
#25 F:\xampp\htdocs\larapus\vendor\laravel\framework\src\Illuminate\Cookie\Middleware\EncryptCookies.php(59): Illuminate\Routing\Pipeline->Illuminate\Routing\{closure}(Object(Illuminate\Http\Request))
#26 F:\xampp\htdocs\larapus\vendor\laravel\framework\src\Illuminate\Pipeline\Pipeline.php(137): Illuminate\Cookie\Middleware\EncryptCookies->handle(Object(Illuminate\Http\Request), Object(Closure))
#27 F:\xampp\htdocs\larapus\vendor\laravel\framework\src\Illuminate\Routing\Pipeline.php(33): Illuminate\Pipeline\Pipeline->Illuminate\Pipeline\{closure}(Object(Illuminate\Http\Request))
#28 F:\xampp\htdocs\larapus\vendor\laravel\framework\src\Illuminate\Pipeline\Pipeline.php(104): Illuminate\Routing\Pipeline->Illuminate\Routing\{closure}(Object(Illuminate\Http\Request))
#29 F:\xampp\htdocs\larapus\vendor\laravel\framework\src\Illuminate\Routing\Router.php(655): Illuminate\Pipeline\Pipeline->then(Object(Closure))
#30 F:\xampp\htdocs\larapus\vendor\laravel\framework\src\Illuminate\Routing\Router.php(629): Illuminate\Routing\Router->runRouteWithinStack(Object(Illuminate\Routing\Route), Object(Illuminate\Http\Request))
#31 F:\xampp\htdocs\larapus\vendor\laravel\framework\src\Illuminate\Routing\Router.php(607): Illuminate\Routing\Router->dispatchToRoute(Object(Illuminate\Http\Request))
#32 F:\xampp\htdocs\larapus\vendor\laravel\framework\src\Illuminate\Foundation\Http\Kernel.php(268): Illuminate\Routing\Router->dispatch(Object(Illuminate\Http\Request))
#33 F:\xampp\htdocs\larapus\vendor\laravel\framework\src\Illuminate\Routing\Pipeline.php(53): Illuminate\Foundation\Http\Kernel->Illuminate\Foundation\Http\{closure}(Object(Illuminate\Http\Request))
#34 F:\xampp\htdocs\larapus\vendor\laravel\framework\src\Illuminate\Foundation\Http\Middleware\CheckForMaintenanceMode.php(46): Illuminate\Routing\Pipeline->Illuminate\Routing\{closure}(Object(Illuminate\Http\Request))
#35 F:\xampp\htdocs\larapus\vendor\laravel\framework\src\Illuminate\Pipeline\Pipeline.php(137): Illuminate\Foundation\Http\Middleware\CheckForMaintenanceMode->handle(Object(Illuminate\Http\Request), Object(Closure))
#36 F:\xampp\htdocs\larapus\vendor\laravel\framework\src\Illuminate\Routing\Pipeline.php(33): Illuminate\Pipeline\Pipeline->Illuminate\Pipeline\{closure}(Object(Illuminate\Http\Request))
#37 F:\xampp\htdocs\larapus\vendor\laravel\framework\src\Illuminate\Pipeline\Pipeline.php(104): Illuminate\Routing\Pipeline->Illuminate\Routing\{closure}(Object(Illuminate\Http\Request))
#38 F:\xampp\htdocs\larapus\vendor\laravel\framework\src\Illuminate\Foundation\Http\Kernel.php(150): Illuminate\Pipeline\Pipeline->then(Object(Closure))
#39 F:\xampp\htdocs\larapus\vendor\laravel\framework\src\Illuminate\Foundation\Http\Kernel.php(117): Illuminate\Foundation\Http\Kernel->sendRequestThroughRouter(Object(Illuminate\Http\Request))
#40 F:\xampp\htdocs\larapus\public\index.php(54): Illuminate\Foundation\Http\Kernel->handle(Object(Illuminate\Http\Request))
#41 {main}  
[2019-10-18 18:16:51] local.DEBUG: Message-ID: <cce000ab544a641bbf3830b291314267@localhost>
Date: Fri, 18 Oct 2019 18:16:51 +0000
Subject: Reset Password
From: Admin Larapus <ivan.christiono@gmail.com>
To: ivan.christiono@gmail.com
MIME-Version: 1.0
Content-Type: multipart/alternative;
 boundary="_=_swift_v4_1571422611_95b0f64e82acf17a47ab14b330ee6b6e_=_"

<!DOCTYPE html>
<html>

<head>
    <meta name="viewport" content="width=device-width, initial-scale=1.0" />
    <meta http-equiv="Content-Type" content="text/html; charset=UTF-8" />

    <style type="text/css" rel="stylesheet" media="all">
        /* Media Queries */
        @media  only screen and (max-width: 500px) {
            .button {
                width: 100% !important;
            }
        }
    </style>
</head>



<body style="margin: 0; padding: 0; width: 100%; background-color: #F2F4F6;">
    <table width="100%" cellpadding="0" cellspacing="0">
        <tr>
            <td style="width: 100%; margin: 0; padding: 0; background-color: #F2F4F6;" align="center">
                <table width="100%" cellpadding="0" cellspacing="0">
                    <!-- Logo -->
                    <tr>
                        <td style="padding: 25px 0; text-align: center;">
                            <a style="font-family: Arial, &#039;Helvetica Neue&#039;, Helvetica, sans-serif; font-size: 16px; font-weight: bold; color: #2F3133; text-decoration: none; text-shadow: 0 1px 0 white;" href="http://localhost/larapus/public" target="_blank">
                                My Application
                            </a>
                        </td>
                    </tr>

                    <!-- Email Body -->
                    <tr>
                        <td style="width: 100%; margin: 0; padding: 0; border-top: 1px solid #EDEFF2; border-bottom: 1px solid #EDEFF2; background-color: #FFF;" width="100%">
                            <table style="width: auto; max-width: 570px; margin: 0 auto; padding: 0;" align="center" width="570" cellpadding="0" cellspacing="0">
                                <tr>
                                    <td style="font-family: Arial, &#039;Helvetica Neue&#039;, Helvetica, sans-serif; padding: 35px;">
                                        <!-- Greeting -->
                                        <h1 style="margin-top: 0; color: #2F3133; font-size: 19px; font-weight: bold; text-align: left;">
                                                                                                                                                Hello!
                                                                                                                                    </h1>

                                        <!-- Intro -->
                                                                                    <p style="margin-top: 0; color: #74787E; font-size: 16px; line-height: 1.5em;">
                                                You are receiving this email because we received a password reset request for your account.
                                            </p>
                                        
                                        <!-- Action Button -->
                                                                                    <table style="width: 100%; margin: 30px auto; padding: 0; text-align: center;" align="center" width="100%" cellpadding="0" cellspacing="0">
                                                <tr>
                                                    <td align="center">
                                                        
                                                        <a href="http://localhost/larapus/public/password/reset/c12bb39cbe0d12789c09af020417db303d36092448457167cc704f2fc629f67a"
                                                            style="font-family: Arial, &#039;Helvetica Neue&#039;, Helvetica, sans-serif; display: block; display: inline-block; width: 200px; min-height: 20px; padding: 10px;
                 background-color: #3869D4; border-radius: 3px; color: #ffffff; font-size: 15px; line-height: 25px;
                 text-align: center; text-decoration: none; -webkit-text-size-adjust: none; background-color: #3869D4;"
                                                            class="button"
                                                            target="_blank">
                                                            Reset Password
                                                        </a>
                                                    </td>
                                                </tr>
                                            </table>
                                        
                                        <!-- Outro -->
                                                                                    <p style="margin-top: 0; color: #74787E; font-size: 16px; line-height: 1.5em;">
                                                If you did not request a password reset, no further action is required.
                                            </p>
                                        
                                        <!-- Salutation -->
                                        <p style="margin-top: 0; color: #74787E; font-size: 16px; line-height: 1.5em;">
                                            Regards,<br>My Application
                                        </p>

                                        <!-- Sub Copy -->
                                                                                    <table style="margin-top: 25px; padding-top: 25px; border-top: 1px solid #EDEFF2;">
                                                <tr>
                                                    <td style="font-family: Arial, &#039;Helvetica Neue&#039;, Helvetica, sans-serif;">
                                                        <p style="margin-top: 0; color: #74787E; font-size: 12px; line-height: 1.5em;">
                                                            If youre having trouble clicking the "Reset Password" button,
                                                            copy and paste the URL below into your web browser:
                                                        </p>

                                                        <p style="margin-top: 0; color: #74787E; font-size: 12px; line-height: 1.5em;">
                                                            <a style="color: #3869D4;" href="http://localhost/larapus/public/password/reset/c12bb39cbe0d12789c09af020417db303d36092448457167cc704f2fc629f67a" target="_blank">
                                                                http://localhost/larapus/public/password/reset/c12bb39cbe0d12789c09af020417db303d36092448457167cc704f2fc629f67a
                                                            </a>
                                                        </p>
                                                    </td>
                                                </tr>
                                            </table>
                                                                            </td>
                                </tr>
                            </table>
                        </td>
                    </tr>

                    <!-- Footer -->
                    <tr>
                        <td>
                            <table style="width: auto; max-width: 570px; margin: 0 auto; padding: 0; text-align: center;" align="center" width="570" cellpadding="0" cellspacing="0">
                                <tr>
                                    <td style="font-family: Arial, &#039;Helvetica Neue&#039;, Helvetica, sans-serif; color: #AEAEAE; padding: 35px; text-align: center;">
                                        <p style="margin-top: 0; color: #74787E; font-size: 12px; line-height: 1.5em;">
                                            &copy; 2019
                                            <a style="color: #3869D4;" href="http://localhost/larapus/public" target="_blank">My Application</a>.
                                            All rights reserved.
                                        </p>
                                    </td>
                                </tr>
                            </table>
                        </td>
                    </tr>
                </table>
            </td>
        </tr>
    </table>
</body>
</html>


Content-Type: text/plain; charset=utf-8
Content-Transfer-Encoding: quoted-printable

Hello!

You are receiving this email because we received a password reset request for your account.

Reset Password: http://localhost/larapus/public/password/reset/c12bb39cbe0d12789c09af020417db303d36092448457167cc704f2fc629f67a

If you did not request a password reset, no further action is required.

Regards,
My Application
  
[2019-10-21 16:22:29] local.ERROR: exception 'Symfony\Component\Console\Exception\CommandNotFoundException' with message 'There are no commands defined in the "laratust" namespace.

Did you mean this?
    laratrust' in F:\xampp\htdocs\larapus\vendor\symfony\console\Application.php:488
Stack trace:
#0 F:\xampp\htdocs\larapus\vendor\symfony\console\Application.php(520): Symfony\Component\Console\Application->findNamespace('laratust')
#1 F:\xampp\htdocs\larapus\vendor\symfony\console\Application.php(182): Symfony\Component\Console\Application->find('laratust:setup')
#2 F:\xampp\htdocs\larapus\vendor\symfony\console\Application.php(116): Symfony\Component\Console\Application->doRun(Object(Symfony\Component\Console\Input\ArgvInput), Object(Symfony\Component\Console\Output\ConsoleOutput))
#3 F:\xampp\htdocs\larapus\vendor\laravel\framework\src\Illuminate\Foundation\Console\Kernel.php(121): Symfony\Component\Console\Application->run(Object(Symfony\Component\Console\Input\ArgvInput), Object(Symfony\Component\Console\Output\ConsoleOutput))
#4 F:\xampp\htdocs\larapus\artisan(36): Illuminate\Foundation\Console\Kernel->handle(Object(Symfony\Component\Console\Input\ArgvInput), Object(Symfony\Component\Console\Output\ConsoleOutput))
#5 {main}  
